<?xml version="1.0" encoding="UTF-8"?>
<!-- Generated by org.testng.reporters.JUnitXMLReporter -->
<testsuite hostname="DESKTOP-H79H75C" ignored="0" name="Default test" tests="5" failures="0" timestamp="05 Jan 2020 14:29:14 GMT" time="128.514" errors="0">
  <testcase name="testLoginNOK" time="22.951" classname="PageobjectwithTestng.TestNGPOM"/>
  <testcase name="testLoginNOK" time="17.298" classname="PageobjectwithTestng.TestNGPOM"/>
  <testcase name="testLoginNOK" time="17.958" classname="PageobjectwithTestng.TestNGPOM"/>
  <testcase name="testLoginNOK" time="19.389" classname="PageobjectwithTestng.TestNGPOM"/>
  <testcase name="testLoginNOK" time="18.258" classname="PageobjectwithTestng.TestNGPOM"/>
</testsuite> <!-- Default test -->
